<?xml version="1.0" encoding="UTF-8"?>
<!-- Generated by org.testng.reporters.JUnitXMLReporter -->
<testsuite ignored="0" hostname="New8" failures="2" tests="6" name="Test" time="160.773" errors="0" timestamp="09 Nov 2023 09:31:10 GMT">
  <testcase classname="com.Appscook.pageObjectTest.botUserTest.SettingPageTest" name="logoTest" time="0.623"/>
  <testcase classname="com.Appscook.pageObjectTest.botUserTest.SettingPageTest" name="StudentEvaluationPageTest" time="5.548"/>
  <testcase classname="com.Appscook.pageObjectTest.botUserTest.SettingPageTest" name="selectionProcessPageTest" time="26.385">
    <skipped/>
  </testcase> <!-- selectionProcessPageTest -->
  <testcase classname="com.Appscook.pageObjectTest.botUserTest.SettingPageTest" name="selectionProcessPageTest" time="26.407">
    <failure type="java.lang.IndexOutOfBoundsException" message="Index 0 out of bounds for length 0">
      <![CDATA[java.lang.IndexOutOfBoundsException: Index 0 out of bounds for length 0
at java.base/jdk.internal.util.Preconditions.outOfBounds(Preconditions.java:64)
at java.base/jdk.internal.util.Preconditions.outOfBoundsCheckIndex(Preconditions.java:70)
at java.base/jdk.internal.util.Preconditions.checkIndex(Preconditions.java:248)
at java.base/java.util.Objects.checkIndex(Objects.java:372)
at java.base/java.util.ArrayList.get(ArrayList.java:459)
at org.openqa.selenium.support.pagefactory.internal.LocatingElementListHandler.invoke(LocatingElementListHandler.java:39)
at com.sun.proxy.$Proxy15.get(Unknown Source)
at com.Appscook.pageObjects.botUserObj.SettingPage.selection(SettingPage.java:163)
at com.Appscook.pageObjectTest.botUserTest.SettingPageTest.selectionProcessPageTest(SettingPageTest.java:51)
... Removed 33 stack frames]]>
    </failure>
  </testcase> <!-- selectionProcessPageTest -->
  <testcase classname="com.Appscook.pageObjectTest.botUserTest.SettingPageTest" name="admissionProcessPageTest" time="24.244">
    <skipped/>
  </testcase> <!-- admissionProcessPageTest -->
  <testcase classname="com.Appscook.pageObjectTest.botUserTest.SettingPageTest" name="admissionProcessPageTest" time="24.236">
    <failure type="java.lang.IndexOutOfBoundsException" message="Index 0 out of bounds for length 0">
      <![CDATA[java.lang.IndexOutOfBoundsException: Index 0 out of bounds for length 0
at java.base/jdk.internal.util.Preconditions.outOfBounds(Preconditions.java:64)
at java.base/jdk.internal.util.Preconditions.outOfBoundsCheckIndex(Preconditions.java:70)
at java.base/jdk.internal.util.Preconditions.checkIndex(Preconditions.java:248)
at java.base/java.util.Objects.checkIndex(Objects.java:372)
at java.base/java.util.ArrayList.get(ArrayList.java:459)
at org.openqa.selenium.support.pagefactory.internal.LocatingElementListHandler.invoke(LocatingElementListHandler.java:39)
at com.sun.proxy.$Proxy15.get(Unknown Source)
at com.Appscook.pageObjects.botUserObj.SettingPage.admissionProcess(SettingPage.java:187)
at com.Appscook.pageObjectTest.botUserTest.SettingPageTest.admissionProcessPageTest(SettingPageTest.java:59)
... Removed 33 stack frames]]>
    </failure>
  </testcase> <!-- admissionProcessPageTest -->
</testsuite> <!-- Test -->
