<?xml version="1.0" encoding="UTF-8"?>
<testng-results ignored="0" total="6" passed="2" failed="2" skipped="2">
  <reporter-output>
  </reporter-output>
  <suite started-at="2023-11-09T09:28:29Z" name="Suite" finished-at="2023-11-09T09:31:10Z" duration-ms="160773">
    <groups>
    </groups>
    <test started-at="2023-11-09T09:28:29Z" name="Test" finished-at="2023-11-09T09:31:10Z" duration-ms="160773">
      <class name="com.Appscook.pageObjectTest.botUserTest.SettingPageTest">
        <test-method is-config="true" signature="ReportSetup()[pri:0, instance:com.Appscook.pageObjectTest.botUserTest.SettingPageTest@5403f35f]" started-at="2023-11-09T09:28:29Z" name="ReportSetup" finished-at="2023-11-09T09:28:29Z" duration-ms="66" status="PASS">
          <reporter-output>
          </reporter-output>
        </test-method> <!-- ReportSetup -->
        <test-method is-config="true" signature="initialization()[pri:0, instance:com.Appscook.pageObjectTest.botUserTest.SettingPageTest@5403f35f]" started-at="2023-11-09T09:28:29Z" name="initialization" finished-at="2023-11-09T09:28:37Z" duration-ms="7508" status="PASS">
          <reporter-output>
          </reporter-output>
        </test-method> <!-- initialization -->
        <test-method is-config="true" signature="setup()[pri:0, instance:com.Appscook.pageObjectTest.botUserTest.SettingPageTest@5403f35f]" started-at="2023-11-09T09:28:37Z" name="setup" finished-at="2023-11-09T09:28:37Z" duration-ms="56" status="PASS">
          <reporter-output>
          </reporter-output>
        </test-method> <!-- setup -->
        <test-method signature="logoTest()[pri:0, instance:com.Appscook.pageObjectTest.botUserTest.SettingPageTest@5403f35f]" started-at="2023-11-09T09:28:37Z" name="logoTest" description="Validation of Logo On appscook home Page" finished-at="2023-11-09T09:28:38Z" duration-ms="623" status="PASS">
          <reporter-output>
          </reporter-output>
        </test-method> <!-- logoTest -->
        <test-method is-config="true" signature="Exit()[pri:0, instance:com.Appscook.pageObjectTest.botUserTest.SettingPageTest@5403f35f]" started-at="2023-11-09T09:28:38Z" name="Exit" finished-at="2023-11-09T09:28:38Z" duration-ms="412" status="PASS">
          <reporter-output>
          </reporter-output>
        </test-method> <!-- Exit -->
        <test-method is-config="true" signature="getResult(org.testng.ITestResult)[pri:0, instance:com.Appscook.pageObjectTest.botUserTest.SettingPageTest@5403f35f]" started-at="2023-11-09T09:28:38Z" name="getResult" finished-at="2023-11-09T09:28:38Z" duration-ms="4" status="PASS">
          <params>
            <param index="0">
              <value>
                <![CDATA[[TestResult name=logoTest status=SUCCESS method=SettingPageTest.logoTest()[pri:0, instance:com.Appscook.pageObjectTest.botUserTest.SettingPageTest@5403f35f] output={null}]]]>
              </value>
            </param>
          </params>
          <reporter-output>
          </reporter-output>
        </test-method> <!-- getResult -->
        <test-method is-config="true" signature="initialization()[pri:0, instance:com.Appscook.pageObjectTest.botUserTest.SettingPageTest@5403f35f]" started-at="2023-11-09T09:28:38Z" name="initialization" finished-at="2023-11-09T09:28:47Z" duration-ms="9421" status="PASS">
          <reporter-output>
          </reporter-output>
        </test-method> <!-- initialization -->
        <test-method is-config="true" signature="setup()[pri:0, instance:com.Appscook.pageObjectTest.botUserTest.SettingPageTest@5403f35f]" started-at="2023-11-09T09:28:47Z" name="setup" finished-at="2023-11-09T09:28:47Z" duration-ms="3" status="PASS">
          <reporter-output>
          </reporter-output>
        </test-method> <!-- setup -->
        <test-method signature="StudentEvaluationPageTest()[pri:1, instance:com.Appscook.pageObjectTest.botUserTest.SettingPageTest@5403f35f]" started-at="2023-11-09T09:28:47Z" name="StudentEvaluationPageTest" description="click on setting option and fill the StudentEvaluation details" finished-at="2023-11-09T09:28:53Z" duration-ms="5548" status="PASS">
          <reporter-output>
          </reporter-output>
        </test-method> <!-- StudentEvaluationPageTest -->
        <test-method is-config="true" signature="Exit()[pri:0, instance:com.Appscook.pageObjectTest.botUserTest.SettingPageTest@5403f35f]" started-at="2023-11-09T09:28:53Z" name="Exit" finished-at="2023-11-09T09:28:53Z" duration-ms="310" status="PASS">
          <reporter-output>
          </reporter-output>
        </test-method> <!-- Exit -->
        <test-method is-config="true" signature="getResult(org.testng.ITestResult)[pri:0, instance:com.Appscook.pageObjectTest.botUserTest.SettingPageTest@5403f35f]" started-at="2023-11-09T09:28:53Z" name="getResult" finished-at="2023-11-09T09:28:53Z" duration-ms="1" status="PASS">
          <params>
            <param index="0">
              <value>
                <![CDATA[[TestResult name=StudentEvaluationPageTest status=SUCCESS method=SettingPageTest.StudentEvaluationPageTest()[pri:1, instance:com.Appscook.pageObjectTest.botUserTest.SettingPageTest@5403f35f] output={null}]]]>
              </value>
            </param>
          </params>
          <reporter-output>
          </reporter-output>
        </test-method> <!-- getResult -->
        <test-method is-config="true" signature="initialization()[pri:0, instance:com.Appscook.pageObjectTest.botUserTest.SettingPageTest@5403f35f]" started-at="2023-11-09T09:28:53Z" name="initialization" finished-at="2023-11-09T09:29:00Z" duration-ms="7037" status="PASS">
          <reporter-output>
          </reporter-output>
        </test-method> <!-- initialization -->
        <test-method is-config="true" signature="setup()[pri:0, instance:com.Appscook.pageObjectTest.botUserTest.SettingPageTest@5403f35f]" started-at="2023-11-09T09:29:00Z" name="setup" finished-at="2023-11-09T09:29:00Z" duration-ms="18" status="PASS">
          <reporter-output>
          </reporter-output>
        </test-method> <!-- setup -->
        <test-method signature="selectionProcessPageTest()[pri:2, instance:com.Appscook.pageObjectTest.botUserTest.SettingPageTest@5403f35f]" started-at="2023-11-09T09:29:00Z" name="selectionProcessPageTest" description=" Selection process test " finished-at="2023-11-09T09:29:27Z" duration-ms="26385" status="SKIP">
          <exception class="java.lang.IndexOutOfBoundsException">
            <message>
              <![CDATA[Index 0 out of bounds for length 0]]>
            </message>
            <full-stacktrace>
              <![CDATA[java.lang.IndexOutOfBoundsException: Index 0 out of bounds for length 0
at java.base/jdk.internal.util.Preconditions.outOfBounds(Preconditions.java:64)
at java.base/jdk.internal.util.Preconditions.outOfBoundsCheckIndex(Preconditions.java:70)
at java.base/jdk.internal.util.Preconditions.checkIndex(Preconditions.java:248)
at java.base/java.util.Objects.checkIndex(Objects.java:372)
at java.base/java.util.ArrayList.get(ArrayList.java:459)
at java.base/jdk.internal.reflect.NativeMethodAccessorImpl.invoke0(Native Method)
at java.base/jdk.internal.reflect.NativeMethodAccessorImpl.invoke(NativeMethodAccessorImpl.java:62)
at java.base/jdk.internal.reflect.DelegatingMethodAccessorImpl.invoke(DelegatingMethodAccessorImpl.java:43)
at java.base/java.lang.reflect.Method.invoke(Method.java:566)
at org.openqa.selenium.support.pagefactory.internal.LocatingElementListHandler.invoke(LocatingElementListHandler.java:39)
at com.sun.proxy.$Proxy15.get(Unknown Source)
at com.Appscook.pageObjects.botUserObj.SettingPage.selection(SettingPage.java:163)
at com.Appscook.pageObjectTest.botUserTest.SettingPageTest.selectionProcessPageTest(SettingPageTest.java:51)
at java.base/jdk.internal.reflect.NativeMethodAccessorImpl.invoke0(Native Method)
at java.base/jdk.internal.reflect.NativeMethodAccessorImpl.invoke(NativeMethodAccessorImpl.java:62)
at java.base/jdk.internal.reflect.DelegatingMethodAccessorImpl.invoke(DelegatingMethodAccessorImpl.java:43)
at java.base/java.lang.reflect.Method.invoke(Method.java:566)
at org.testng.internal.MethodInvocationHelper.invokeMethod(MethodInvocationHelper.java:124)
at org.testng.internal.Invoker.invokeMethod(Invoker.java:580)
at org.testng.internal.Invoker.invokeTestMethod(Invoker.java:716)
at org.testng.internal.Invoker.invokeTestMethods(Invoker.java:988)
at org.testng.internal.TestMethodWorker.invokeTestMethods(TestMethodWorker.java:125)
at org.testng.internal.TestMethodWorker.run(TestMethodWorker.java:109)
at org.testng.TestRunner.privateRun(TestRunner.java:648)
at org.testng.TestRunner.run(TestRunner.java:505)
at org.testng.SuiteRunner.runTest(SuiteRunner.java:455)
at org.testng.SuiteRunner.runSequentially(SuiteRunner.java:450)
at org.testng.SuiteRunner.privateRun(SuiteRunner.java:415)
at org.testng.SuiteRunner.run(SuiteRunner.java:364)
at org.testng.SuiteRunnerWorker.runSuite(SuiteRunnerWorker.java:52)
at org.testng.SuiteRunnerWorker.run(SuiteRunnerWorker.java:84)
at org.testng.TestNG.runSuitesSequentially(TestNG.java:1208)
at org.testng.TestNG.runSuitesLocally(TestNG.java:1137)
at org.testng.TestNG.runSuites(TestNG.java:1049)
at org.testng.TestNG.run(TestNG.java:1017)
at org.apache.maven.surefire.testng.TestNGExecutor.run(TestNGExecutor.java:283)
at org.apache.maven.surefire.testng.TestNGXmlTestSuite.execute(TestNGXmlTestSuite.java:75)
at org.apache.maven.surefire.testng.TestNGProvider.invoke(TestNGProvider.java:120)
at org.apache.maven.surefire.booter.ForkedBooter.invokeProviderInSameClassLoader(ForkedBooter.java:379)
at org.apache.maven.surefire.booter.ForkedBooter.runSuitesInProcess(ForkedBooter.java:340)
at org.apache.maven.surefire.booter.ForkedBooter.execute(ForkedBooter.java:125)
at org.apache.maven.surefire.booter.ForkedBooter.main(ForkedBooter.java:413)
]]>
            </full-stacktrace>
          </exception> <!-- java.lang.IndexOutOfBoundsException -->
          <reporter-output>
          </reporter-output>
        </test-method> <!-- selectionProcessPageTest -->
        <test-method is-config="true" signature="Exit()[pri:0, instance:com.Appscook.pageObjectTest.botUserTest.SettingPageTest@5403f35f]" started-at="2023-11-09T09:29:27Z" name="Exit" finished-at="2023-11-09T09:29:27Z" duration-ms="382" status="PASS">
          <reporter-output>
          </reporter-output>
        </test-method> <!-- Exit -->
        <test-method is-config="true" signature="getResult(org.testng.ITestResult)[pri:0, instance:com.Appscook.pageObjectTest.botUserTest.SettingPageTest@5403f35f]" started-at="2023-11-09T09:29:27Z" name="getResult" finished-at="2023-11-09T09:29:27Z" duration-ms="1" status="PASS">
          <params>
            <param index="0">
              <value>
                <![CDATA[[TestResult name=selectionProcessPageTest status=SKIP method=SettingPageTest.selectionProcessPageTest()[pri:2, instance:com.Appscook.pageObjectTest.botUserTest.SettingPageTest@5403f35f] output={null}]]]>
              </value>
            </param>
          </params>
          <reporter-output>
          </reporter-output>
        </test-method> <!-- getResult -->
        <test-method is-config="true" signature="initialization()[pri:0, instance:com.Appscook.pageObjectTest.botUserTest.SettingPageTest@5403f35f]" started-at="2023-11-09T09:29:27Z" name="initialization" finished-at="2023-11-09T09:29:34Z" duration-ms="6562" status="PASS">
          <reporter-output>
          </reporter-output>
        </test-method> <!-- initialization -->
        <test-method is-config="true" signature="setup()[pri:0, instance:com.Appscook.pageObjectTest.botUserTest.SettingPageTest@5403f35f]" started-at="2023-11-09T09:29:34Z" name="setup" finished-at="2023-11-09T09:29:34Z" duration-ms="5" status="PASS">
          <reporter-output>
          </reporter-output>
        </test-method> <!-- setup -->
        <test-method signature="selectionProcessPageTest()[pri:2, instance:com.Appscook.pageObjectTest.botUserTest.SettingPageTest@5403f35f]" started-at="2023-11-09T09:29:34Z" name="selectionProcessPageTest" description=" Selection process test " finished-at="2023-11-09T09:30:00Z" duration-ms="26407" status="FAIL">
          <exception class="java.lang.IndexOutOfBoundsException">
            <message>
              <![CDATA[Index 0 out of bounds for length 0]]>
            </message>
            <full-stacktrace>
              <![CDATA[java.lang.IndexOutOfBoundsException: Index 0 out of bounds for length 0
at java.base/jdk.internal.util.Preconditions.outOfBounds(Preconditions.java:64)
at java.base/jdk.internal.util.Preconditions.outOfBoundsCheckIndex(Preconditions.java:70)
at java.base/jdk.internal.util.Preconditions.checkIndex(Preconditions.java:248)
at java.base/java.util.Objects.checkIndex(Objects.java:372)
at java.base/java.util.ArrayList.get(ArrayList.java:459)
at java.base/jdk.internal.reflect.NativeMethodAccessorImpl.invoke0(Native Method)
at java.base/jdk.internal.reflect.NativeMethodAccessorImpl.invoke(NativeMethodAccessorImpl.java:62)
at java.base/jdk.internal.reflect.DelegatingMethodAccessorImpl.invoke(DelegatingMethodAccessorImpl.java:43)
at java.base/java.lang.reflect.Method.invoke(Method.java:566)
at org.openqa.selenium.support.pagefactory.internal.LocatingElementListHandler.invoke(LocatingElementListHandler.java:39)
at com.sun.proxy.$Proxy15.get(Unknown Source)
at com.Appscook.pageObjects.botUserObj.SettingPage.selection(SettingPage.java:163)
at com.Appscook.pageObjectTest.botUserTest.SettingPageTest.selectionProcessPageTest(SettingPageTest.java:51)
at java.base/jdk.internal.reflect.NativeMethodAccessorImpl.invoke0(Native Method)
at java.base/jdk.internal.reflect.NativeMethodAccessorImpl.invoke(NativeMethodAccessorImpl.java:62)
at java.base/jdk.internal.reflect.DelegatingMethodAccessorImpl.invoke(DelegatingMethodAccessorImpl.java:43)
at java.base/java.lang.reflect.Method.invoke(Method.java:566)
at org.testng.internal.MethodInvocationHelper.invokeMethod(MethodInvocationHelper.java:124)
at org.testng.internal.Invoker.invokeMethod(Invoker.java:580)
at org.testng.internal.Invoker.retryFailed(Invoker.java:838)
at org.testng.internal.Invoker.invokeTestMethods(Invoker.java:1009)
at org.testng.internal.TestMethodWorker.invokeTestMethods(TestMethodWorker.java:125)
at org.testng.internal.TestMethodWorker.run(TestMethodWorker.java:109)
at org.testng.TestRunner.privateRun(TestRunner.java:648)
at org.testng.TestRunner.run(TestRunner.java:505)
at org.testng.SuiteRunner.runTest(SuiteRunner.java:455)
at org.testng.SuiteRunner.runSequentially(SuiteRunner.java:450)
at org.testng.SuiteRunner.privateRun(SuiteRunner.java:415)
at org.testng.SuiteRunner.run(SuiteRunner.java:364)
at org.testng.SuiteRunnerWorker.runSuite(SuiteRunnerWorker.java:52)
at org.testng.SuiteRunnerWorker.run(SuiteRunnerWorker.java:84)
at org.testng.TestNG.runSuitesSequentially(TestNG.java:1208)
at org.testng.TestNG.runSuitesLocally(TestNG.java:1137)
at org.testng.TestNG.runSuites(TestNG.java:1049)
at org.testng.TestNG.run(TestNG.java:1017)
at org.apache.maven.surefire.testng.TestNGExecutor.run(TestNGExecutor.java:283)
at org.apache.maven.surefire.testng.TestNGXmlTestSuite.execute(TestNGXmlTestSuite.java:75)
at org.apache.maven.surefire.testng.TestNGProvider.invoke(TestNGProvider.java:120)
at org.apache.maven.surefire.booter.ForkedBooter.invokeProviderInSameClassLoader(ForkedBooter.java:379)
at org.apache.maven.surefire.booter.ForkedBooter.runSuitesInProcess(ForkedBooter.java:340)
at org.apache.maven.surefire.booter.ForkedBooter.execute(ForkedBooter.java:125)
at org.apache.maven.surefire.booter.ForkedBooter.main(ForkedBooter.java:413)
]]>
            </full-stacktrace>
          </exception> <!-- java.lang.IndexOutOfBoundsException -->
          <reporter-output>
          </reporter-output>
        </test-method> <!-- selectionProcessPageTest -->
        <test-method is-config="true" signature="Exit()[pri:0, instance:com.Appscook.pageObjectTest.botUserTest.SettingPageTest@5403f35f]" started-at="2023-11-09T09:30:00Z" name="Exit" finished-at="2023-11-09T09:30:00Z" duration-ms="339" status="PASS">
          <reporter-output>
          </reporter-output>
        </test-method> <!-- Exit -->
        <test-method is-config="true" signature="initialization()[pri:0, instance:com.Appscook.pageObjectTest.botUserTest.SettingPageTest@5403f35f]" started-at="2023-11-09T09:30:00Z" name="initialization" finished-at="2023-11-09T09:30:12Z" duration-ms="11131" status="PASS">
          <reporter-output>
          </reporter-output>
        </test-method> <!-- initialization -->
        <test-method is-config="true" signature="getResult(org.testng.ITestResult)[pri:0, instance:com.Appscook.pageObjectTest.botUserTest.SettingPageTest@5403f35f]" started-at="2023-11-09T09:30:00Z" name="getResult" finished-at="2023-11-09T09:30:00Z" duration-ms="0" status="PASS">
          <params>
            <param index="0">
              <value>
                <![CDATA[[TestResult name=selectionProcessPageTest status=FAILURE method=SettingPageTest.selectionProcessPageTest()[pri:2, instance:com.Appscook.pageObjectTest.botUserTest.SettingPageTest@5403f35f] output={null}]]]>
              </value>
            </param>
          </params>
          <reporter-output>
          </reporter-output>
        </test-method> <!-- getResult -->
        <test-method is-config="true" signature="setup()[pri:0, instance:com.Appscook.pageObjectTest.botUserTest.SettingPageTest@5403f35f]" started-at="2023-11-09T09:30:12Z" name="setup" finished-at="2023-11-09T09:30:12Z" duration-ms="8" status="PASS">
          <reporter-output>
          </reporter-output>
        </test-method> <!-- setup -->
        <test-method signature="admissionProcessPageTest()[pri:3, instance:com.Appscook.pageObjectTest.botUserTest.SettingPageTest@5403f35f]" started-at="2023-11-09T09:30:12Z" name="admissionProcessPageTest" description="admission process test" finished-at="2023-11-09T09:30:36Z" duration-ms="24244" status="SKIP">
          <exception class="java.lang.IndexOutOfBoundsException">
            <message>
              <![CDATA[Index 0 out of bounds for length 0]]>
            </message>
            <full-stacktrace>
              <![CDATA[java.lang.IndexOutOfBoundsException: Index 0 out of bounds for length 0
at java.base/jdk.internal.util.Preconditions.outOfBounds(Preconditions.java:64)
at java.base/jdk.internal.util.Preconditions.outOfBoundsCheckIndex(Preconditions.java:70)
at java.base/jdk.internal.util.Preconditions.checkIndex(Preconditions.java:248)
at java.base/java.util.Objects.checkIndex(Objects.java:372)
at java.base/java.util.ArrayList.get(ArrayList.java:459)
at java.base/jdk.internal.reflect.NativeMethodAccessorImpl.invoke0(Native Method)
at java.base/jdk.internal.reflect.NativeMethodAccessorImpl.invoke(NativeMethodAccessorImpl.java:62)
at java.base/jdk.internal.reflect.DelegatingMethodAccessorImpl.invoke(DelegatingMethodAccessorImpl.java:43)
at java.base/java.lang.reflect.Method.invoke(Method.java:566)
at org.openqa.selenium.support.pagefactory.internal.LocatingElementListHandler.invoke(LocatingElementListHandler.java:39)
at com.sun.proxy.$Proxy15.get(Unknown Source)
at com.Appscook.pageObjects.botUserObj.SettingPage.admissionProcess(SettingPage.java:187)
at com.Appscook.pageObjectTest.botUserTest.SettingPageTest.admissionProcessPageTest(SettingPageTest.java:59)
at java.base/jdk.internal.reflect.NativeMethodAccessorImpl.invoke0(Native Method)
at java.base/jdk.internal.reflect.NativeMethodAccessorImpl.invoke(NativeMethodAccessorImpl.java:62)
at java.base/jdk.internal.reflect.DelegatingMethodAccessorImpl.invoke(DelegatingMethodAccessorImpl.java:43)
at java.base/java.lang.reflect.Method.invoke(Method.java:566)
at org.testng.internal.MethodInvocationHelper.invokeMethod(MethodInvocationHelper.java:124)
at org.testng.internal.Invoker.invokeMethod(Invoker.java:580)
at org.testng.internal.Invoker.invokeTestMethod(Invoker.java:716)
at org.testng.internal.Invoker.invokeTestMethods(Invoker.java:988)
at org.testng.internal.TestMethodWorker.invokeTestMethods(TestMethodWorker.java:125)
at org.testng.internal.TestMethodWorker.run(TestMethodWorker.java:109)
at org.testng.TestRunner.privateRun(TestRunner.java:648)
at org.testng.TestRunner.run(TestRunner.java:505)
at org.testng.SuiteRunner.runTest(SuiteRunner.java:455)
at org.testng.SuiteRunner.runSequentially(SuiteRunner.java:450)
at org.testng.SuiteRunner.privateRun(SuiteRunner.java:415)
at org.testng.SuiteRunner.run(SuiteRunner.java:364)
at org.testng.SuiteRunnerWorker.runSuite(SuiteRunnerWorker.java:52)
at org.testng.SuiteRunnerWorker.run(SuiteRunnerWorker.java:84)
at org.testng.TestNG.runSuitesSequentially(TestNG.java:1208)
at org.testng.TestNG.runSuitesLocally(TestNG.java:1137)
at org.testng.TestNG.runSuites(TestNG.java:1049)
at org.testng.TestNG.run(TestNG.java:1017)
at org.apache.maven.surefire.testng.TestNGExecutor.run(TestNGExecutor.java:283)
at org.apache.maven.surefire.testng.TestNGXmlTestSuite.execute(TestNGXmlTestSuite.java:75)
at org.apache.maven.surefire.testng.TestNGProvider.invoke(TestNGProvider.java:120)
at org.apache.maven.surefire.booter.ForkedBooter.invokeProviderInSameClassLoader(ForkedBooter.java:379)
at org.apache.maven.surefire.booter.ForkedBooter.runSuitesInProcess(ForkedBooter.java:340)
at org.apache.maven.surefire.booter.ForkedBooter.execute(ForkedBooter.java:125)
at org.apache.maven.surefire.booter.ForkedBooter.main(ForkedBooter.java:413)
]]>
            </full-stacktrace>
          </exception> <!-- java.lang.IndexOutOfBoundsException -->
          <reporter-output>
          </reporter-output>
        </test-method> <!-- admissionProcessPageTest -->
        <test-method is-config="true" signature="Exit()[pri:0, instance:com.Appscook.pageObjectTest.botUserTest.SettingPageTest@5403f35f]" started-at="2023-11-09T09:30:36Z" name="Exit" finished-at="2023-11-09T09:30:36Z" duration-ms="373" status="PASS">
          <reporter-output>
          </reporter-output>
        </test-method> <!-- Exit -->
        <test-method is-config="true" signature="getResult(org.testng.ITestResult)[pri:0, instance:com.Appscook.pageObjectTest.botUserTest.SettingPageTest@5403f35f]" started-at="2023-11-09T09:30:36Z" name="getResult" finished-at="2023-11-09T09:30:36Z" duration-ms="1" status="PASS">
          <params>
            <param index="0">
              <value>
                <![CDATA[[TestResult name=admissionProcessPageTest status=SKIP method=SettingPageTest.admissionProcessPageTest()[pri:3, instance:com.Appscook.pageObjectTest.botUserTest.SettingPageTest@5403f35f] output={null}]]]>
              </value>
            </param>
          </params>
          <reporter-output>
          </reporter-output>
        </test-method> <!-- getResult -->
        <test-method is-config="true" signature="initialization()[pri:0, instance:com.Appscook.pageObjectTest.botUserTest.SettingPageTest@5403f35f]" started-at="2023-11-09T09:30:36Z" name="initialization" finished-at="2023-11-09T09:30:45Z" duration-ms="8869" status="PASS">
          <reporter-output>
          </reporter-output>
        </test-method> <!-- initialization -->
        <test-method is-config="true" signature="setup()[pri:0, instance:com.Appscook.pageObjectTest.botUserTest.SettingPageTest@5403f35f]" started-at="2023-11-09T09:30:45Z" name="setup" finished-at="2023-11-09T09:30:45Z" duration-ms="4" status="PASS">
          <reporter-output>
          </reporter-output>
        </test-method> <!-- setup -->
        <test-method signature="admissionProcessPageTest()[pri:3, instance:com.Appscook.pageObjectTest.botUserTest.SettingPageTest@5403f35f]" started-at="2023-11-09T09:30:45Z" name="admissionProcessPageTest" description="admission process test" finished-at="2023-11-09T09:31:09Z" duration-ms="24236" status="FAIL">
          <exception class="java.lang.IndexOutOfBoundsException">
            <message>
              <![CDATA[Index 0 out of bounds for length 0]]>
            </message>
            <full-stacktrace>
              <![CDATA[java.lang.IndexOutOfBoundsException: Index 0 out of bounds for length 0
at java.base/jdk.internal.util.Preconditions.outOfBounds(Preconditions.java:64)
at java.base/jdk.internal.util.Preconditions.outOfBoundsCheckIndex(Preconditions.java:70)
at java.base/jdk.internal.util.Preconditions.checkIndex(Preconditions.java:248)
at java.base/java.util.Objects.checkIndex(Objects.java:372)
at java.base/java.util.ArrayList.get(ArrayList.java:459)
at java.base/jdk.internal.reflect.NativeMethodAccessorImpl.invoke0(Native Method)
at java.base/jdk.internal.reflect.NativeMethodAccessorImpl.invoke(NativeMethodAccessorImpl.java:62)
at java.base/jdk.internal.reflect.DelegatingMethodAccessorImpl.invoke(DelegatingMethodAccessorImpl.java:43)
at java.base/java.lang.reflect.Method.invoke(Method.java:566)
at org.openqa.selenium.support.pagefactory.internal.LocatingElementListHandler.invoke(LocatingElementListHandler.java:39)
at com.sun.proxy.$Proxy15.get(Unknown Source)
at com.Appscook.pageObjects.botUserObj.SettingPage.admissionProcess(SettingPage.java:187)
at com.Appscook.pageObjectTest.botUserTest.SettingPageTest.admissionProcessPageTest(SettingPageTest.java:59)
at java.base/jdk.internal.reflect.NativeMethodAccessorImpl.invoke0(Native Method)
at java.base/jdk.internal.reflect.NativeMethodAccessorImpl.invoke(NativeMethodAccessorImpl.java:62)
at java.base/jdk.internal.reflect.DelegatingMethodAccessorImpl.invoke(DelegatingMethodAccessorImpl.java:43)
at java.base/java.lang.reflect.Method.invoke(Method.java:566)
at org.testng.internal.MethodInvocationHelper.invokeMethod(MethodInvocationHelper.java:124)
at org.testng.internal.Invoker.invokeMethod(Invoker.java:580)
at org.testng.internal.Invoker.retryFailed(Invoker.java:838)
at org.testng.internal.Invoker.invokeTestMethods(Invoker.java:1009)
at org.testng.internal.TestMethodWorker.invokeTestMethods(TestMethodWorker.java:125)
at org.testng.internal.TestMethodWorker.run(TestMethodWorker.java:109)
at org.testng.TestRunner.privateRun(TestRunner.java:648)
at org.testng.TestRunner.run(TestRunner.java:505)
at org.testng.SuiteRunner.runTest(SuiteRunner.java:455)
at org.testng.SuiteRunner.runSequentially(SuiteRunner.java:450)
at org.testng.SuiteRunner.privateRun(SuiteRunner.java:415)
at org.testng.SuiteRunner.run(SuiteRunner.java:364)
at org.testng.SuiteRunnerWorker.runSuite(SuiteRunnerWorker.java:52)
at org.testng.SuiteRunnerWorker.run(SuiteRunnerWorker.java:84)
at org.testng.TestNG.runSuitesSequentially(TestNG.java:1208)
at org.testng.TestNG.runSuitesLocally(TestNG.java:1137)
at org.testng.TestNG.runSuites(TestNG.java:1049)
at org.testng.TestNG.run(TestNG.java:1017)
at org.apache.maven.surefire.testng.TestNGExecutor.run(TestNGExecutor.java:283)
at org.apache.maven.surefire.testng.TestNGXmlTestSuite.execute(TestNGXmlTestSuite.java:75)
at org.apache.maven.surefire.testng.TestNGProvider.invoke(TestNGProvider.java:120)
at org.apache.maven.surefire.booter.ForkedBooter.invokeProviderInSameClassLoader(ForkedBooter.java:379)
at org.apache.maven.surefire.booter.ForkedBooter.runSuitesInProcess(ForkedBooter.java:340)
at org.apache.maven.surefire.booter.ForkedBooter.execute(ForkedBooter.java:125)
at org.apache.maven.surefire.booter.ForkedBooter.main(ForkedBooter.java:413)
]]>
            </full-stacktrace>
          </exception> <!-- java.lang.IndexOutOfBoundsException -->
          <reporter-output>
          </reporter-output>
        </test-method> <!-- admissionProcessPageTest -->
        <test-method is-config="true" signature="Exit()[pri:0, instance:com.Appscook.pageObjectTest.botUserTest.SettingPageTest@5403f35f]" started-at="2023-11-09T09:31:09Z" name="Exit" finished-at="2023-11-09T09:31:10Z" duration-ms="851" status="PASS">
          <reporter-output>
          </reporter-output>
        </test-method> <!-- Exit -->
        <test-method is-config="true" signature="getResult(org.testng.ITestResult)[pri:0, instance:com.Appscook.pageObjectTest.botUserTest.SettingPageTest@5403f35f]" started-at="2023-11-09T09:31:10Z" name="getResult" finished-at="2023-11-09T09:31:10Z" duration-ms="0" status="PASS">
          <params>
            <param index="0">
              <value>
                <![CDATA[[TestResult name=admissionProcessPageTest status=FAILURE method=SettingPageTest.admissionProcessPageTest()[pri:3, instance:com.Appscook.pageObjectTest.botUserTest.SettingPageTest@5403f35f] output={null}]]]>
              </value>
            </param>
          </params>
          <reporter-output>
          </reporter-output>
        </test-method> <!-- getResult -->
        <test-method is-config="true" signature="endReport()[pri:0, instance:com.Appscook.pageObjectTest.botUserTest.SettingPageTest@5403f35f]" started-at="2023-11-09T09:31:10Z" name="endReport" finished-at="2023-11-09T09:31:11Z" duration-ms="668" status="PASS">
          <reporter-output>
          </reporter-output>
        </test-method> <!-- endReport -->
      </class> <!-- com.Appscook.pageObjectTest.botUserTest.SettingPageTest -->
    </test> <!-- Test -->
  </suite> <!-- Suite -->
</testng-results>
